<html>
<head>
    <title>Januar 2014</title>
    <link ref="stylesheet" type="text/css" href="calendar.css">
</head>
<body>
<h1>Januar 2014</h1>
<table class="calendar">
    <tr class="legend"><th>Mo</th><th>Di</th><th>Mi</th><th>Do</th>
        <th>Fr</th><th>Sa</th><th>So</th>
    </tr>
    <tr><td class="fill">30</td><td class="fill">31</td><td>1</td><td>2</td>
        <td>3</td><td class="weekend">4</td><td class="weekend">5</td></tr>
    <tr><td>6</td><td>7</td><td>8</td><td>9</td>
        <td>10</td><td class="weekend">11</td><td class="weekend">12</td></tr>
    <tr><td>13</td><td>14</td><td>15</td><td>16</td>
        <td>17</td><td class="weekend">18</td><td class="weekend">19</td></tr>
    <tr><td>20</td><td>21</td><td>22</td><td>23</td>
        <td>24</td><td class="weekend">25</td><td class="weekend">26</td></tr>
    <tr><td>27</td><td>28</td><td>29</td><td>30</td>
        <td>31</td><td class="weekend fill">1</td><td class="weekend fill">2</td></tr>
</table>
</body>
</html>
