
<html>
<body>
    <ul>
        <li><a href="/first/">first</a>
        <ul>
        <li><a href="/first-first/">first-first</a>
        
        </li><li><a href="/first-second/">first-second</a>
        <ul>
        <li><a href="/first-second-first/">first-second-first</a>
        
        </li>
    </ul>
        </li>
    </ul>
        </li><li><a href="/second!/">second!</a>
        <ul>
        <li><a href="/second-first/">second-first</a>
        
        </li>
    </ul>
        </li><li><a href="/third/">third</a>
        
        </li>
    </ul>
</body>
</html>
